**Blue Suit**
Suit cost: 167.5
Order fulfilled in store


**Black Suit**
Suit cost: 191.5
Order fulfilled in store


**Black Suit**
Suit cost: 277.0
Order sent to warehouse

**Blue Suit**
Suit cost: 167.5
Order fulfilled in store


**Black Suit**
Piece: Solid Jacket
Color: BlackPrice: 110.0

Suit cost: 191.5
Order fulfilled in store


**Black Suit**
Suit cost: 277.0
Order sent to warehouse

**Blue Suit**
Suit cost: 167.5
Order fulfilled in store


**Black Suit**
[Piece: Oxfords (Shined) 
Color: BlackPrice: 20.0
, Piece: Flat Front Pants
Color: BlackPrice: 42.0
, Piece: Solid Shirt
Color: WhitePrice: 19.5
, Piece: Solid Jacket
Color: BlackPrice: 110.0
]
Suit cost: 191.5
Order fulfilled in store


**Black Suit**
Suit cost: 277.0
Order sent to warehouse

**Blue Suit**
Suit cost: 167.5
Order fulfilled in store


**Black Suit**
[Piece: Oxfords (Shined) 
Color: BlackPrice: 20.0
, Piece: Flat Front Pants
Color: BlackPrice: 42.0
, Piece: Solid Shirt
Color: WhitePrice: 19.5
, Piece: Solid Jacket
Color: BlackPrice: 110.0
]
Suit cost: 191.5
Order fulfilled in store


**Black Suit**
Suit cost: 277.0
Order sent to warehouse

**Blue Suit**
Suit cost: 167.5
Order fulfilled in store


**Black Suit**
[Piece: Oxfords (Shined) 
Color: Black
Price: 20.0
, Piece: Flat Front Pants
Color: Black
Price: 42.0
, Piece: Solid Shirt
Color: White
Price: 19.5
, Piece: Solid Jacket
Color: Black
Price: 110.0
]
Suit cost: 191.5
Order fulfilled in store


**Black Suit**
Suit cost: 277.0
Order sent to warehouse

**Blue Suit**
Suit cost: 167.5
Order fulfilled in store


**Black Suit**
[Piece: Oxfords (Shined) 
Color: Black
Price: 20.0

, Piece: Flat Front Pants
Color: Black
Price: 42.0

, Piece: Solid Shirt
Color: White
Price: 19.5

, Piece: Solid Jacket
Color: Black
Price: 110.0

]
Suit cost: 191.5
Order fulfilled in store


**Black Suit**
Suit cost: 277.0
Order sent to warehouse

**Blue Suit**
[Piece: Loafers
Color: Brown
Price: 15.0

, Piece: Pleated Pants
Color: Blue
Price: 70.0

, Piece: Striped Shirt
Color: White
Price: 22.5

, Piece: Solid Jacket
Color: Blue
Price: 60.0

]
Suit cost: 167.5
Order fulfilled in store


**Black Suit**
[Piece: Oxfords (Shined) 
Color: Black
Price: 20.0

, Piece: Flat Front Pants
Color: Black
Price: 42.0

, Piece: Solid Shirt
Color: White
Price: 19.5

, Piece: Solid Jacket
Color: Black
Price: 110.0

]
Suit cost: 191.5
Order fulfilled in store


**Black Suit**
[Piece: Oxfords (Shined) 
Color: Brown
Price: 35.0

, Piece: Pleated Pants
Color: Brown
Price: 76.0

, Piece: Solid Shirt (w/ Tie) 
Color: Blue
Price: 46.0

, Piece: Striped Jacket
Color: Brown
Price: 120.0

]
Suit cost: 277.0
Order sent to warehouse

**Blue Suit**
Suit [suitLayout=[edu.bu.met.cs665.suit.Loafer@c8a3d63, edu.bu.met.cs665.suit.Pleated@2c879865, edu.bu.met.cs665.suit.StripedShirt@95ebcdf, edu.bu.met.cs665.suit.SolidJacket@7ae3a235]]
Suit cost: 167.5
Order fulfilled in store


**Black Suit**
[Piece: Oxfords (Shined) 
Color: Black
Price: 20.0

, Piece: Flat Front Pants
Color: Black
Price: 42.0

, Piece: Solid Shirt
Color: White
Price: 19.5

, Piece: Solid Jacket
Color: Black
Price: 110.0

]
Suit cost: 191.5
Order fulfilled in store


**Black Suit**
[Piece: Oxfords (Shined) 
Color: Brown
Price: 35.0

, Piece: Pleated Pants
Color: Brown
Price: 76.0

, Piece: Solid Shirt (w/ Tie) 
Color: Blue
Price: 46.0

, Piece: Striped Jacket
Color: Brown
Price: 120.0

]
Suit cost: 277.0
Order sent to warehouse

**Blue Suit**
[Piece: Loafers
Color: Brown
Price: 15.0

, Piece: Pleated Pants
Color: Blue
Price: 70.0

, Piece: Striped Shirt
Color: White
Price: 22.5

, Piece: Solid Jacket
Color: Blue
Price: 60.0

]
Suit cost: 167.5
Order fulfilled in store


**Black Suit**
[Piece: Oxfords (Shined) 
Color: Black
Price: 20.0

, Piece: Flat Front Pants
Color: Black
Price: 42.0

, Piece: Solid Shirt
Color: White
Price: 19.5

, Piece: Solid Jacket
Color: Black
Price: 110.0

]
Suit cost: 191.5
Order fulfilled in store


**Black Suit**
[Piece: Oxfords (Shined) 
Color: Brown
Price: 35.0

, Piece: Pleated Pants
Color: Brown
Price: 76.0

, Piece: Solid Shirt (w/ Tie) 
Color: Blue
Price: 46.0

, Piece: Striped Jacket
Color: Brown
Price: 120.0

]
Suit cost: 277.0
Order sent to warehouse

**Blue Suit**
[Piece: Loafers
Color: Brown
Price: 15.0

, Piece: Pleated Pants
Color: Blue
Price: 70.0

, Piece: Striped Shirt
Color: White
Price: 22.5

, Piece: Solid Jacket
Color: Blue
Price: 60.0

]
Suit cost: 167.5
Order fulfilled in store


**Black Suit**
[Piece: Oxfords (Shined) 
Color: Black
Price: 20.0

, Piece: Flat Front Pants
Color: Black
Price: 42.0

, Piece: Solid Shirt
Color: White
Price: 19.5

, Piece: Solid Jacket
Color: Black
Price: 110.0

]
Suit cost: 191.5
Order fulfilled in store


**Black Suit**
[Piece: Oxfords (Shined) 
Color: Brown
Price: 35.0

, Piece: Pleated Pants
Color: Brown
Price: 76.0

, Piece: Solid Shirt (w/ Tie) 
Color: Blue
Price: 46.0

, Piece: Striped Jacket
Color: Brown
Price: 120.0

]
Suit cost: 277.0
Order sent to warehouse

**Blue Suit**
[Piece: Loafers
Color: Brown
Price: 15.0
, Piece: Pleated Pants
Color: Blue
Price: 70.0
, Piece: Striped Shirt
Color: White
Price: 22.5
, Piece: Solid Jacket
Color: Blue
Price: 60.0
]
Suit cost: 167.5
Order fulfilled in store


**Black Suit**
[Piece: Oxfords (Shined) 
Color: Black
Price: 20.0
, Piece: Flat Front Pants
Color: Black
Price: 42.0
, Piece: Solid Shirt
Color: White
Price: 19.5
, Piece: Solid Jacket
Color: Black
Price: 110.0
]
Suit cost: 191.5
Order fulfilled in store


**Black Suit**
[Piece: Oxfords (Shined) 
Color: Brown
Price: 35.0
, Piece: Pleated Pants
Color: Brown
Price: 76.0
, Piece: Solid Shirt (w/ Tie) 
Color: Blue
Price: 46.0
, Piece: Striped Jacket
Color: Brown
Price: 120.0
]
Suit cost: 277.0
Order sent to warehouse

**Blue Suit**
Suit cost: 167.5
Order fulfilled in store


**Black Suit**
Suit cost: 191.5
Order fulfilled in store


**Black Suit**
Suit cost: 277.0
Order sent to warehouse

**Blue Suit**
Suit cost: $167.5
Order fulfilled in store


**Black Suit**
Suit cost: $191.5
Order fulfilled in store


**Black Suit**
Suit cost: $277.0
Order sent to warehouse

**Blue Suit**
[Piece: Loafers, Color: Brown, Price: 15.0
, Piece: Pleated Pants, Color: Blue, Price: 70.0
, Piece: Striped Shirt, Color: White, Price: 22.5
, Piece: Solid Jacket, Color: Blue, Price: 60.0
]
Suit cost: $167.5
Order fulfilled in store


**Black Suit**
[Piece: Oxfords (Shined) , Color: Black, Price: 20.0
, Piece: Flat Front Pants, Color: Black, Price: 42.0
, Piece: Solid Shirt, Color: White, Price: 19.5
, Piece: Solid Jacket, Color: Black, Price: 110.0
]
Suit cost: $191.5
Order fulfilled in store


**Black Suit**
[Piece: Oxfords (Shined) , Color: Brown, Price: 35.0
, Piece: Pleated Pants, Color: Brown, Price: 76.0
, Piece: Solid Shirt (w/ Tie) , Color: Blue, Price: 46.0
, Piece: Striped Jacket, Color: Brown, Price: 120.0
]
Suit cost: $277.0
Order sent to warehouse

**Blue Suit**
[Piece: Loafers, Color: Brown, Price: 15.0, Piece: Pleated Pants, Color: Blue, Price: 70.0, Piece: Striped Shirt, Color: White, Price: 22.5, Piece: Solid Jacket, Color: Blue, Price: 60.0]
Suit cost: $167.5
Order fulfilled in store


**Black Suit**
[Piece: Oxfords (Shined) , Color: Black, Price: 20.0, Piece: Flat Front Pants, Color: Black, Price: 42.0, Piece: Solid Shirt, Color: White, Price: 19.5, Piece: Solid Jacket, Color: Black, Price: 110.0]
Suit cost: $191.5
Order fulfilled in store


**Black Suit**
[Piece: Oxfords (Shined) , Color: Brown, Price: 35.0, Piece: Pleated Pants, Color: Brown, Price: 76.0, Piece: Solid Shirt (w/ Tie) , Color: Blue, Price: 46.0, Piece: Striped Jacket, Color: Brown, Price: 120.0]
Suit cost: $277.0
Order sent to warehouse

**Blue Suit**
[Piece: Loafers, Color: Brown, Price: 15.0
, Piece: Pleated Pants, Color: Blue, Price: 70.0
, Piece: Striped Shirt, Color: White, Price: 22.5
, Piece: Solid Jacket, Color: Blue, Price: 60.0
]
Suit cost: $167.5
Order fulfilled in store


**Black Suit**
[Piece: Oxfords (Shined) , Color: Black, Price: 20.0
, Piece: Flat Front Pants, Color: Black, Price: 42.0
, Piece: Solid Shirt, Color: White, Price: 19.5
, Piece: Solid Jacket, Color: Black, Price: 110.0
]
Suit cost: $191.5
Order fulfilled in store


**Black Suit**
[Piece: Oxfords (Shined) , Color: Brown, Price: 35.0
, Piece: Pleated Pants, Color: Brown, Price: 76.0
, Piece: Solid Shirt (w/ Tie) , Color: Blue, Price: 46.0
, Piece: Striped Jacket, Color: Brown, Price: 120.0
]
Suit cost: $277.0
Order sent to warehouse

